<?xml version="1.0" encoding="UTF-8" ?>
<testsuite tests="8" failures="0" name="TestRunner.TestRunner" time="41.369" errors="0" skipped="0">
  <properties>
[...]
</properties>
  <testcase classname="A user from England verifies what help they can get tp pay for NHS costs" name="User living in England with no benefits" time="7.608"/>
  <testcase classname="A user from England verifies what help they can get tp pay for NHS costs" name="User is below 16 years living in England" time="3.383"/>
  <testcase classname="A user from England verifies what help they can get tp pay for NHS costs" name="England with benefits" time="5.013"/>
  <testcase classname="A user from England verifies what help they can get tp pay for NHS costs" name="England with Armed Forces" time="6.2"/>
  <testcase classname="A user from England verifies what help they can get tp pay for NHS costs" name="England in Care Home" time="6.063"/>
  <testcase classname="NorthernIreland" name="NorthernIreland" time="2.316"/>
  <testcase classname="Scotland" name="Scotland without benefits" time="5.135"/>
  <testcase classname="Wales" name="Wales with no benefits" time="5.651"/>
</testsuite>